DEBUG 2023-08-02 18:55:14 [main] a.b.t.loggenerator.LogGenerator - Creating Performance Trace
INFO 2023-08-02 18:55:14 [main] a.b.t.loggenerator.LogGenerator - PERFORMANCE|6.09|DELETE USER|FAILURE|IronMan
DEBUG 2023-08-02 18:55:16 [main] a.b.t.loggenerator.LogGenerator - Creating Performance Trace
INFO 2023-08-02 18:55:16 [main] a.b.t.loggenerator.LogGenerator - PERFORMANCE|0.234|CREATE USER|SUCCESS|Pantuflo
DEBUG 2023-08-02 18:55:17 [main] a.b.t.loggenerator.LogGenerator - Creating Login Trace
INFO 2023-08-02 18:55:17 [main] a.b.t.loggenerator.LogGenerator - LOGIN|200|Bacterio|60.247.109.179
DEBUG 2023-08-02 18:55:18 [main] a.b.t.loggenerator.LogGenerator - Creating Performance Trace
INFO 2023-08-02 18:55:18 [main] a.b.t.loggenerator.LogGenerator - PERFORMANCE|7.352|CREATE USER|FAILURE|Robin
DEBUG 2023-08-02 18:55:20 [main] a.b.t.loggenerator.LogGenerator - Creating Performance Trace
INFO 2023-08-02 18:55:20 [main] a.b.t.loggenerator.LogGenerator - PERFORMANCE|6.729|EXPORT DATA|SUCCESS|Flash
DEBUG 2023-08-02 18:55:22 [main] a.b.t.loggenerator.LogGenerator - Creating Login Trace
INFO 2023-08-02 18:55:22 [main] a.b.t.loggenerator.LogGenerator - LOGIN|202|Zape|193.66.167.253
DEBUG 2023-08-02 18:55:22 [main] a.b.t.loggenerator.LogGenerator - Creating Performance Trace
INFO 2023-08-02 18:55:22 [main] a.b.t.loggenerator.LogGenerator - PERFORMANCE|4.486|CREATE USER|FAILURE|Thor
DEBUG 2023-08-02 18:55:24 [main] a.b.t.loggenerator.LogGenerator - Creating Performance Trace
INFO 2023-08-02 18:55:24 [main] a.b.t.loggenerator.LogGenerator - PERFORMANCE|2.011|DOWNLOAD DOCUMENT|FAILURE|Carpanta
DEBUG 2023-08-02 18:55:26 [main] a.b.t.loggenerator.LogGenerator - Creating Performance Trace
INFO 2023-08-02 18:55:26 [main] a.b.t.loggenerator.LogGenerator - PERFORMANCE|0.928|CREATE USER|FAILURE|Bacterio
DEBUG 2023-08-02 18:55:27 [main] a.b.t.loggenerator.LogGenerator - Creating Login Trace
INFO 2023-08-02 18:55:27 [main] a.b.t.loggenerator.LogGenerator - LOGIN|404|Conan|142.127.149.62
DEBUG 2023-08-02 18:55:28 [main] a.b.t.loggenerator.LogGenerator - Creating Performance Trace
INFO 2023-08-02 18:55:28 [main] a.b.t.loggenerator.LogGenerator - PERFORMANCE|3.678|EXPORT DATA|FAILURE|Batman
DEBUG 2023-08-02 18:55:30 [main] a.b.t.loggenerator.LogGenerator - Creating Performance Trace
INFO 2023-08-02 18:55:30 [main] a.b.t.loggenerator.LogGenerator - PERFORMANCE|4.728|DOWNLOAD DOCUMENT|SUCCESS|Batman
DEBUG 2023-08-02 18:55:32 [main] a.b.t.loggenerator.LogGenerator - Creating Login Trace
INFO 2023-08-02 18:55:32 [main] a.b.t.loggenerator.LogGenerator - LOGIN|201|Rompetechos|150.204.22.254
DEBUG 2023-08-02 18:55:32 [main] a.b.t.loggenerator.LogGenerator - Creating Performance Trace
INFO 2023-08-02 18:55:32 [main] a.b.t.loggenerator.LogGenerator - PERFORMANCE|0.286|EXPORT DATA|FAILURE|Filemon
DEBUG 2023-08-02 18:55:32 [main] a.b.t.loggenerator.LogGenerator - Creating Error Trace
ERROR 2023-08-02 18:55:32 [main] a.b.t.loggenerator.LogGenerator - Email error: can not connect to SMTP Server|
java.lang.Exception: Email error: can not connect to SMTP Server
	at am.ballesteros.training.loggenerator.LogGeneratorKt.generateExceptionTrace(LogGenerator.kt:66)
	at am.ballesteros.training.loggenerator.LogGeneratorKt.generateTraces(LogGenerator.kt:31)
	at am.ballesteros.training.loggenerator.LogGeneratorKt$main$1.invoke(LogGenerator.kt:17)
	at am.ballesteros.training.loggenerator.LogGeneratorKt$main$1.invoke(LogGenerator.kt)
	at com.xenomachina.argparser.SystemExitExceptionKt.mainBody(SystemExitException.kt:74)
	at com.xenomachina.argparser.SystemExitExceptionKt.mainBody$default(SystemExitException.kt:72)
	at am.ballesteros.training.loggenerator.LogGeneratorKt.main(LogGenerator.kt:14)
DEBUG 2023-08-02 18:55:34 [main] a.b.t.loggenerator.LogGenerator - Creating Performance Trace
INFO 2023-08-02 18:55:34 [main] a.b.t.loggenerator.LogGenerator - PERFORMANCE|1.733|EXPORT DATA|FAILURE|Rompetechos
DEBUG 2023-08-02 18:55:36 [main] a.b.t.loggenerator.LogGenerator - Creating Performance Trace
INFO 2023-08-02 18:55:36 [main] a.b.t.loggenerator.LogGenerator - PERFORMANCE|6.474|SEND EMAIL|FAILURE|Sacarino
DEBUG 2023-08-02 18:55:37 [main] a.b.t.loggenerator.LogGenerator - Creating Login Trace
INFO 2023-08-02 18:55:37 [main] a.b.t.loggenerator.LogGenerator - LOGIN|250|Zipi|220.251.32.10
DEBUG 2023-08-02 18:55:38 [main] a.b.t.loggenerator.LogGenerator - Creating Performance Trace
INFO 2023-08-02 18:55:38 [main] a.b.t.loggenerator.LogGenerator - PERFORMANCE|3.046|DOWNLOAD DOCUMENT|SUCCESS|IronFish
DEBUG 2023-08-02 18:55:40 [main] a.b.t.loggenerator.LogGenerator - Creating Performance Trace
INFO 2023-08-02 18:55:40 [main] a.b.t.loggenerator.LogGenerator - PERFORMANCE|7.83|LOGIN|FAILURE|Superman
DEBUG 2023-08-02 18:55:42 [main] a.b.t.loggenerator.LogGenerator - Creating Login Trace
INFO 2023-08-02 18:55:42 [main] a.b.t.loggenerator.LogGenerator - LOGIN|200|Batman|81.201.72.158
DEBUG 2023-08-02 18:55:42 [main] a.b.t.loggenerator.LogGenerator - Creating Performance Trace
INFO 2023-08-02 18:55:42 [main] a.b.t.loggenerator.LogGenerator - PERFORMANCE|0.623|LOGIN|FAILURE|Rompetechos
DEBUG 2023-08-02 18:55:44 [main] a.b.t.loggenerator.LogGenerator - Creating Performance Trace
INFO 2023-08-02 18:55:44 [main] a.b.t.loggenerator.LogGenerator - PERFORMANCE|2.601|DOWNLOAD DOCUMENT|SUCCESS|IronFish
DEBUG 2023-08-02 18:55:46 [main] a.b.t.loggenerator.LogGenerator - Creating Performance Trace
INFO 2023-08-02 18:55:46 [main] a.b.t.loggenerator.LogGenerator - PERFORMANCE|0.653|LOGIN|SUCCESS|Flash
DEBUG 2023-08-02 18:55:47 [main] a.b.t.loggenerator.LogGenerator - Creating Login Trace
INFO 2023-08-02 18:55:47 [main] a.b.t.loggenerator.LogGenerator - LOGIN|100|Superman|132.129.234.28
DEBUG 2023-08-02 18:55:48 [main] a.b.t.loggenerator.LogGenerator - Creating Performance Trace
INFO 2023-08-02 18:55:48 [main] a.b.t.loggenerator.LogGenerator - PERFORMANCE|3.692|EXPORT DATA|SUCCESS|Mortadelo
DEBUG 2023-08-02 18:55:50 [main] a.b.t.loggenerator.LogGenerator - Creating Performance Trace
INFO 2023-08-02 18:55:50 [main] a.b.t.loggenerator.LogGenerator - PERFORMANCE|2.095|DOWNLOAD DOCUMENT|FAILURE|Bacterio
DEBUG 2023-08-02 18:55:52 [main] a.b.t.loggenerator.LogGenerator - Creating Login Trace
INFO 2023-08-02 18:55:52 [main] a.b.t.loggenerator.LogGenerator - LOGIN|202|Thor|237.0.57.147
DEBUG 2023-08-02 18:55:52 [main] a.b.t.loggenerator.LogGenerator - Creating Performance Trace
INFO 2023-08-02 18:55:52 [main] a.b.t.loggenerator.LogGenerator - PERFORMANCE|3.21|DELETE USER|SUCCESS|IronFish
DEBUG 2023-08-02 18:55:52 [main] a.b.t.loggenerator.LogGenerator - Creating Error Trace
ERROR 2023-08-02 18:55:52 [main] a.b.t.loggenerator.LogGenerator - Lazy Loading is not allowed in this context|
java.lang.Exception: Lazy Loading is not allowed in this context
	at am.ballesteros.training.loggenerator.LogGeneratorKt.generateExceptionTrace(LogGenerator.kt:66)
	at am.ballesteros.training.loggenerator.LogGeneratorKt.generateTraces(LogGenerator.kt:31)
	at am.ballesteros.training.loggenerator.LogGeneratorKt$main$1.invoke(LogGenerator.kt:17)
	at am.ballesteros.training.loggenerator.LogGeneratorKt$main$1.invoke(LogGenerator.kt)
	at com.xenomachina.argparser.SystemExitExceptionKt.mainBody(SystemExitException.kt:74)
	at com.xenomachina.argparser.SystemExitExceptionKt.mainBody$default(SystemExitException.kt:72)
	at am.ballesteros.training.loggenerator.LogGeneratorKt.main(LogGenerator.kt:14)
DEBUG 2023-08-02 18:55:54 [main] a.b.t.loggenerator.LogGenerator - Creating Performance Trace
INFO 2023-08-02 18:55:54 [main] a.b.t.loggenerator.LogGenerator - PERFORMANCE|7.343|DELETE USER|FAILURE|Batman
DEBUG 2023-08-02 18:55:56 [main] a.b.t.loggenerator.LogGenerator - Creating Performance Trace
INFO 2023-08-02 18:55:56 [main] a.b.t.loggenerator.LogGenerator - PERFORMANCE|6.747|DELETE USER|SUCCESS|Filemon
DEBUG 2023-08-02 18:55:57 [main] a.b.t.loggenerator.LogGenerator - Creating Login Trace
INFO 2023-08-02 18:55:57 [main] a.b.t.loggenerator.LogGenerator - LOGIN|250|Rompetechos|100.159.246.80
DEBUG 2023-08-02 18:55:58 [main] a.b.t.loggenerator.LogGenerator - Creating Performance Trace
INFO 2023-08-02 18:55:58 [main] a.b.t.loggenerator.LogGenerator - PERFORMANCE|7.216|DELETE USER|FAILURE|Flash
DEBUG 2023-08-02 18:56:00 [main] a.b.t.loggenerator.LogGenerator - Creating Performance Trace
INFO 2023-08-02 18:56:00 [main] a.b.t.loggenerator.LogGenerator - PERFORMANCE|7.673|DELETE USER|FAILURE|Flash
DEBUG 2023-08-02 18:56:02 [main] a.b.t.loggenerator.LogGenerator - Creating Login Trace
INFO 2023-08-02 18:56:02 [main] a.b.t.loggenerator.LogGenerator - LOGIN|200|Carpanta|179.171.21.125
DEBUG 2023-08-02 18:56:02 [main] a.b.t.loggenerator.LogGenerator - Creating Performance Trace
INFO 2023-08-02 18:56:02 [main] a.b.t.loggenerator.LogGenerator - PERFORMANCE|3.549|EXPORT DATA|FAILURE|Flash
DEBUG 2023-08-02 18:56:04 [main] a.b.t.loggenerator.LogGenerator - Creating Performance Trace
INFO 2023-08-02 18:56:04 [main] a.b.t.loggenerator.LogGenerator - PERFORMANCE|4.404|DOWNLOAD DOCUMENT|SUCCESS|SuperLopez
DEBUG 2023-08-02 18:56:06 [main] a.b.t.loggenerator.LogGenerator - Creating Performance Trace
INFO 2023-08-02 18:56:06 [main] a.b.t.loggenerator.LogGenerator - PERFORMANCE|2.382|SEND EMAIL|SUCCESS|Flash
DEBUG 2023-08-02 18:56:07 [main] a.b.t.loggenerator.LogGenerator - Creating Login Trace
INFO 2023-08-02 18:56:07 [main] a.b.t.loggenerator.LogGenerator - LOGIN|201|Flash|0.36.221.88
DEBUG 2023-08-02 18:56:08 [main] a.b.t.loggenerator.LogGenerator - Creating Performance Trace
INFO 2023-08-02 18:56:08 [main] a.b.t.loggenerator.LogGenerator - PERFORMANCE|3.573|DELETE USER|FAILURE|Flash
DEBUG 2023-08-02 18:56:10 [main] a.b.t.loggenerator.LogGenerator - Creating Performance Trace
INFO 2023-08-02 18:56:10 [main] a.b.t.loggenerator.LogGenerator - PERFORMANCE|6.088|CREATE USER|FAILURE|Pantuflo
DEBUG 2023-08-02 18:56:13 [main] a.b.t.loggenerator.LogGenerator - Creating Login Trace
INFO 2023-08-02 18:56:13 [main] a.b.t.loggenerator.LogGenerator - LOGIN|404|Flash|254.23.238.113
DEBUG 2023-08-02 18:56:13 [main] a.b.t.loggenerator.LogGenerator - Creating Performance Trace
INFO 2023-08-02 18:56:13 [main] a.b.t.loggenerator.LogGenerator - PERFORMANCE|2.791|DOWNLOAD DOCUMENT|FAILURE|Zape
DEBUG 2023-08-02 18:56:13 [main] a.b.t.loggenerator.LogGenerator - Creating Error Trace
ERROR 2023-08-02 18:56:13 [main] a.b.t.loggenerator.LogGenerator - User not found|
java.lang.Exception: User not found
	at am.ballesteros.training.loggenerator.LogGeneratorKt.generateExceptionTrace(LogGenerator.kt:66)
	at am.ballesteros.training.loggenerator.LogGeneratorKt.generateTraces(LogGenerator.kt:31)
	at am.ballesteros.training.loggenerator.LogGeneratorKt$main$1.invoke(LogGenerator.kt:17)
	at am.ballesteros.training.loggenerator.LogGeneratorKt$main$1.invoke(LogGenerator.kt)
	at com.xenomachina.argparser.SystemExitExceptionKt.mainBody(SystemExitException.kt:74)
	at com.xenomachina.argparser.SystemExitExceptionKt.mainBody$default(SystemExitException.kt:72)
	at am.ballesteros.training.loggenerator.LogGeneratorKt.main(LogGenerator.kt:14)
DEBUG 2023-08-02 18:56:15 [main] a.b.t.loggenerator.LogGenerator - Creating Performance Trace
INFO 2023-08-02 18:56:15 [main] a.b.t.loggenerator.LogGenerator - PERFORMANCE|6.646|SEND EMAIL|FAILURE|IronMan
DEBUG 2023-08-02 18:56:17 [main] a.b.t.loggenerator.LogGenerator - Creating Performance Trace
INFO 2023-08-02 18:56:17 [main] a.b.t.loggenerator.LogGenerator - PERFORMANCE|3.387|DOWNLOAD DOCUMENT|FAILURE|Sacarino
DEBUG 2023-08-02 18:56:18 [main] a.b.t.loggenerator.LogGenerator - Creating Login Trace
INFO 2023-08-02 18:56:18 [main] a.b.t.loggenerator.LogGenerator - LOGIN|250|Sacarino|125.130.22.191
DEBUG 2023-08-02 18:56:19 [main] a.b.t.loggenerator.LogGenerator - Creating Performance Trace
INFO 2023-08-02 18:56:19 [main] a.b.t.loggenerator.LogGenerator - PERFORMANCE|2.787|DELETE USER|SUCCESS|Mortadelo
DEBUG 2023-08-02 18:56:21 [main] a.b.t.loggenerator.LogGenerator - Creating Performance Trace
INFO 2023-08-02 18:56:21 [main] a.b.t.loggenerator.LogGenerator - PERFORMANCE|5.626|DOWNLOAD DOCUMENT|SUCCESS|Sacarino
DEBUG 2023-08-02 18:56:23 [main] a.b.t.loggenerator.LogGenerator - Creating Login Trace
INFO 2023-08-02 18:56:23 [main] a.b.t.loggenerator.LogGenerator - LOGIN|404|Robin|167.235.79.28
DEBUG 2023-08-02 18:56:23 [main] a.b.t.loggenerator.LogGenerator - Creating Performance Trace
INFO 2023-08-02 18:56:23 [main] a.b.t.loggenerator.LogGenerator - PERFORMANCE|0.179|EXPORT DATA|FAILURE|Batman
DEBUG 2023-08-02 18:56:25 [main] a.b.t.loggenerator.LogGenerator - Creating Performance Trace
INFO 2023-08-02 18:56:25 [main] a.b.t.loggenerator.LogGenerator - PERFORMANCE|4.465|DOWNLOAD DOCUMENT|FAILURE|Mortadelo
DEBUG 2023-08-02 18:56:27 [main] a.b.t.loggenerator.LogGenerator - Creating Performance Trace
INFO 2023-08-02 18:56:27 [main] a.b.t.loggenerator.LogGenerator - PERFORMANCE|5.091|CREATE USER|FAILURE|Rompetechos
DEBUG 2023-08-02 18:56:28 [main] a.b.t.loggenerator.LogGenerator - Creating Login Trace
INFO 2023-08-02 18:56:28 [main] a.b.t.loggenerator.LogGenerator - LOGIN|250|Zape|47.236.36.11
DEBUG 2023-08-02 18:56:29 [main] a.b.t.loggenerator.LogGenerator - Creating Performance Trace
INFO 2023-08-02 18:56:29 [main] a.b.t.loggenerator.LogGenerator - PERFORMANCE|1.368|SEND EMAIL|FAILURE|Zipi
DEBUG 2023-08-02 18:56:31 [main] a.b.t.loggenerator.LogGenerator - Creating Performance Trace
INFO 2023-08-02 18:56:31 [main] a.b.t.loggenerator.LogGenerator - PERFORMANCE|3.9|CREATE USER|FAILURE|Superman
DEBUG 2023-08-02 18:56:33 [main] a.b.t.loggenerator.LogGenerator - Creating Login Trace
INFO 2023-08-02 18:56:33 [main] a.b.t.loggenerator.LogGenerator - LOGIN|500|Superman|105.250.126.130
DEBUG 2023-08-02 18:56:33 [main] a.b.t.loggenerator.LogGenerator - Creating Performance Trace
INFO 2023-08-02 18:56:33 [main] a.b.t.loggenerator.LogGenerator - PERFORMANCE|5.737|LOGIN|SUCCESS|Pantuflo
DEBUG 2023-08-02 18:56:33 [main] a.b.t.loggenerator.LogGenerator - Creating Error Trace
ERROR 2023-08-02 18:56:33 [main] a.b.t.loggenerator.LogGenerator - Invalid credentials. User will be flag as inactive|
java.lang.Exception: Invalid credentials. User will be flag as inactive
	at am.ballesteros.training.loggenerator.LogGeneratorKt.generateExceptionTrace(LogGenerator.kt:66)
	at am.ballesteros.training.loggenerator.LogGeneratorKt.generateTraces(LogGenerator.kt:31)
	at am.ballesteros.training.loggenerator.LogGeneratorKt$main$1.invoke(LogGenerator.kt:17)
	at am.ballesteros.training.loggenerator.LogGeneratorKt$main$1.invoke(LogGenerator.kt)
	at com.xenomachina.argparser.SystemExitExceptionKt.mainBody(SystemExitException.kt:74)
	at com.xenomachina.argparser.SystemExitExceptionKt.mainBody$default(SystemExitException.kt:72)
	at am.ballesteros.training.loggenerator.LogGeneratorKt.main(LogGenerator.kt:14)
DEBUG 2023-08-02 18:56:35 [main] a.b.t.loggenerator.LogGenerator - Creating Performance Trace
INFO 2023-08-02 18:56:35 [main] a.b.t.loggenerator.LogGenerator - PERFORMANCE|0.587|SEND EMAIL|SUCCESS|Filemon
DEBUG 2023-08-02 18:56:37 [main] a.b.t.loggenerator.LogGenerator - Creating Performance Trace
INFO 2023-08-02 18:56:37 [main] a.b.t.loggenerator.LogGenerator - PERFORMANCE|5.777|CREATE USER|SUCCESS|Zape
DEBUG 2023-08-02 18:56:38 [main] a.b.t.loggenerator.LogGenerator - Creating Login Trace
INFO 2023-08-02 18:56:38 [main] a.b.t.loggenerator.LogGenerator - LOGIN|400|Mortadelo|19.223.149.110
DEBUG 2023-08-02 18:56:39 [main] a.b.t.loggenerator.LogGenerator - Creating Performance Trace
INFO 2023-08-02 18:56:39 [main] a.b.t.loggenerator.LogGenerator - PERFORMANCE|7.023|DOWNLOAD DOCUMENT|SUCCESS|Flash
DEBUG 2023-08-02 18:56:41 [main] a.b.t.loggenerator.LogGenerator - Creating Performance Trace
INFO 2023-08-02 18:56:41 [main] a.b.t.loggenerator.LogGenerator - PERFORMANCE|5.854|EXPORT DATA|FAILURE|IronFish
DEBUG 2023-08-02 18:56:43 [main] a.b.t.loggenerator.LogGenerator - Creating Login Trace
INFO 2023-08-02 18:56:43 [main] a.b.t.loggenerator.LogGenerator - LOGIN|100|Flash|225.225.94.88
DEBUG 2023-08-02 18:56:43 [main] a.b.t.loggenerator.LogGenerator - Creating Performance Trace
INFO 2023-08-02 18:56:43 [main] a.b.t.loggenerator.LogGenerator - PERFORMANCE|3.339|EXPORT DATA|SUCCESS|Thor
DEBUG 2023-08-02 18:56:45 [main] a.b.t.loggenerator.LogGenerator - Creating Performance Trace
INFO 2023-08-02 18:56:45 [main] a.b.t.loggenerator.LogGenerator - PERFORMANCE|2.328|LOGIN|SUCCESS|Pantuflo
DEBUG 2023-08-02 18:56:47 [main] a.b.t.loggenerator.LogGenerator - Creating Performance Trace
INFO 2023-08-02 18:56:47 [main] a.b.t.loggenerator.LogGenerator - PERFORMANCE|6.667|EXPORT DATA|SUCCESS|Batman
DEBUG 2023-08-02 18:56:48 [main] a.b.t.loggenerator.LogGenerator - Creating Login Trace
INFO 2023-08-02 18:56:48 [main] a.b.t.loggenerator.LogGenerator - LOGIN|202|Flash|100.117.8.180
DEBUG 2023-08-02 18:56:49 [main] a.b.t.loggenerator.LogGenerator - Creating Performance Trace
INFO 2023-08-02 18:56:49 [main] a.b.t.loggenerator.LogGenerator - PERFORMANCE|4.626|DELETE USER|FAILURE|Mortadelo
DEBUG 2023-08-02 18:56:51 [main] a.b.t.loggenerator.LogGenerator - Creating Performance Trace
INFO 2023-08-02 18:56:51 [main] a.b.t.loggenerator.LogGenerator - PERFORMANCE|5.586|DELETE USER|SUCCESS|Robin
DEBUG 2023-08-02 18:56:53 [main] a.b.t.loggenerator.LogGenerator - Creating Login Trace
INFO 2023-08-02 18:56:53 [main] a.b.t.loggenerator.LogGenerator - LOGIN|201|Superman|211.219.35.85
DEBUG 2023-08-02 18:56:53 [main] a.b.t.loggenerator.LogGenerator - Creating Performance Trace
INFO 2023-08-02 18:56:53 [main] a.b.t.loggenerator.LogGenerator - PERFORMANCE|6.019|DOWNLOAD DOCUMENT|FAILURE|Sacarino
DEBUG 2023-08-02 18:56:53 [main] a.b.t.loggenerator.LogGenerator - Creating Error Trace
ERROR 2023-08-02 18:56:53 [main] a.b.t.loggenerator.LogGenerator - Current user is not able to perform this action|
java.lang.Exception: Current user is not able to perform this action
	at am.ballesteros.training.loggenerator.LogGeneratorKt.generateExceptionTrace(LogGenerator.kt:66)
	at am.ballesteros.training.loggenerator.LogGeneratorKt.generateTraces(LogGenerator.kt:31)
	at am.ballesteros.training.loggenerator.LogGeneratorKt$main$1.invoke(LogGenerator.kt:17)
	at am.ballesteros.training.loggenerator.LogGeneratorKt$main$1.invoke(LogGenerator.kt)
	at com.xenomachina.argparser.SystemExitExceptionKt.mainBody(SystemExitException.kt:74)
	at com.xenomachina.argparser.SystemExitExceptionKt.mainBody$default(SystemExitException.kt:72)
	at am.ballesteros.training.loggenerator.LogGeneratorKt.main(LogGenerator.kt:14)
DEBUG 2023-08-02 19:11:45 [main] a.b.t.loggenerator.LogGenerator - Creating Performance Trace
INFO 2023-08-02 19:11:45 [main] a.b.t.loggenerator.LogGenerator - PERFORMANCE|7.589|SEND EMAIL|FAILURE|Flash
DEBUG 2023-08-02 19:11:47 [main] a.b.t.loggenerator.LogGenerator - Creating Performance Trace
INFO 2023-08-02 19:11:47 [main] a.b.t.loggenerator.LogGenerator - PERFORMANCE|7.508|CREATE USER|SUCCESS|Superman
DEBUG 2023-08-02 19:11:48 [main] a.b.t.loggenerator.LogGenerator - Creating Login Trace
INFO 2023-08-02 19:11:48 [main] a.b.t.loggenerator.LogGenerator - LOGIN|204|IronFish|75.221.163.238
DEBUG 2023-08-02 19:11:49 [main] a.b.t.loggenerator.LogGenerator - Creating Performance Trace
INFO 2023-08-02 19:11:49 [main] a.b.t.loggenerator.LogGenerator - PERFORMANCE|0.666|DOWNLOAD DOCUMENT|FAILURE|Rompetechos
DEBUG 2023-08-02 19:11:51 [main] a.b.t.loggenerator.LogGenerator - Creating Performance Trace
INFO 2023-08-02 19:11:51 [main] a.b.t.loggenerator.LogGenerator - PERFORMANCE|0.087|DOWNLOAD DOCUMENT|SUCCESS|Flash
DEBUG 2023-08-02 19:11:53 [main] a.b.t.loggenerator.LogGenerator - Creating Login Trace
INFO 2023-08-02 19:11:53 [main] a.b.t.loggenerator.LogGenerator - LOGIN|202|Zipi|34.25.233.65
DEBUG 2023-08-02 19:11:53 [main] a.b.t.loggenerator.LogGenerator - Creating Performance Trace
INFO 2023-08-02 19:11:53 [main] a.b.t.loggenerator.LogGenerator - PERFORMANCE|6.59|DELETE USER|FAILURE|Robin
DEBUG 2023-08-02 19:17:09 [main] a.b.t.loggenerator.LogGenerator - Creating Performance Trace
INFO 2023-08-02 19:17:09 [main] a.b.t.loggenerator.LogGenerator - PERFORMANCE|1.946|EXPORT DATA|FAILURE|Pantuflo
DEBUG 2023-08-02 19:17:11 [main] a.b.t.loggenerator.LogGenerator - Creating Performance Trace
INFO 2023-08-02 19:17:11 [main] a.b.t.loggenerator.LogGenerator - PERFORMANCE|1.384|LOGIN|FAILURE|Bacterio
DEBUG 2023-08-02 19:17:12 [main] a.b.t.loggenerator.LogGenerator - Creating Login Trace
INFO 2023-08-02 19:17:12 [main] a.b.t.loggenerator.LogGenerator - LOGIN|204|Zape|83.132.2.17
DEBUG 2023-08-02 19:17:13 [main] a.b.t.loggenerator.LogGenerator - Creating Performance Trace
INFO 2023-08-02 19:17:13 [main] a.b.t.loggenerator.LogGenerator - PERFORMANCE|4.942|SEND EMAIL|FAILURE|Batman
DEBUG 2023-08-02 19:17:15 [main] a.b.t.loggenerator.LogGenerator - Creating Performance Trace
INFO 2023-08-02 19:17:15 [main] a.b.t.loggenerator.LogGenerator - PERFORMANCE|3.697|CREATE USER|FAILURE|Flash
DEBUG 2023-08-02 19:17:17 [main] a.b.t.loggenerator.LogGenerator - Creating Login Trace
INFO 2023-08-02 19:17:17 [main] a.b.t.loggenerator.LogGenerator - LOGIN|250|SuperLopez|196.211.222.10
DEBUG 2023-08-02 19:17:17 [main] a.b.t.loggenerator.LogGenerator - Creating Performance Trace
INFO 2023-08-02 19:17:17 [main] a.b.t.loggenerator.LogGenerator - PERFORMANCE|6.94|DOWNLOAD DOCUMENT|FAILURE|Robin
DEBUG 2023-08-07 08:35:20 [main] a.b.t.loggenerator.LogGenerator - Creating Performance Trace
INFO 2023-08-07 08:35:20 [main] a.b.t.loggenerator.LogGenerator - PERFORMANCE|2.707|EXPORT DATA|SUCCESS|Sacarino
DEBUG 2023-08-07 08:35:22 [main] a.b.t.loggenerator.LogGenerator - Creating Performance Trace
INFO 2023-08-07 08:35:22 [main] a.b.t.loggenerator.LogGenerator - PERFORMANCE|2.776|EXPORT DATA|FAILURE|Carpanta
DEBUG 2023-08-07 08:35:23 [main] a.b.t.loggenerator.LogGenerator - Creating Login Trace
INFO 2023-08-07 08:35:23 [main] a.b.t.loggenerator.LogGenerator - LOGIN|150|IronMan|93.103.195.56
DEBUG 2023-08-07 08:35:24 [main] a.b.t.loggenerator.LogGenerator - Creating Performance Trace
INFO 2023-08-07 08:35:24 [main] a.b.t.loggenerator.LogGenerator - PERFORMANCE|7.525|EXPORT DATA|SUCCESS|Mortadelo
DEBUG 2023-08-07 08:35:26 [main] a.b.t.loggenerator.LogGenerator - Creating Performance Trace
INFO 2023-08-07 08:35:26 [main] a.b.t.loggenerator.LogGenerator - PERFORMANCE|6.912|CREATE USER|FAILURE|Pantuflo
DEBUG 2023-08-07 08:35:28 [main] a.b.t.loggenerator.LogGenerator - Creating Login Trace
INFO 2023-08-07 08:35:28 [main] a.b.t.loggenerator.LogGenerator - LOGIN|200|IronMan|65.218.149.37
DEBUG 2023-08-07 08:35:28 [main] a.b.t.loggenerator.LogGenerator - Creating Performance Trace
INFO 2023-08-07 08:35:28 [main] a.b.t.loggenerator.LogGenerator - PERFORMANCE|6.06|CREATE USER|FAILURE|Thor
DEBUG 2023-08-07 08:35:30 [main] a.b.t.loggenerator.LogGenerator - Creating Performance Trace
INFO 2023-08-07 08:35:30 [main] a.b.t.loggenerator.LogGenerator - PERFORMANCE|7.784|CREATE USER|FAILURE|SuperLopez
DEBUG 2023-08-07 08:35:32 [main] a.b.t.loggenerator.LogGenerator - Creating Performance Trace
INFO 2023-08-07 08:35:32 [main] a.b.t.loggenerator.LogGenerator - PERFORMANCE|5.823|LOGIN|SUCCESS|Mortadelo
DEBUG 2023-08-07 08:35:33 [main] a.b.t.loggenerator.LogGenerator - Creating Login Trace
INFO 2023-08-07 08:35:33 [main] a.b.t.loggenerator.LogGenerator - LOGIN|200|Sacarino|48.220.22.192
DEBUG 2023-08-07 08:35:34 [main] a.b.t.loggenerator.LogGenerator - Creating Performance Trace
INFO 2023-08-07 08:35:34 [main] a.b.t.loggenerator.LogGenerator - PERFORMANCE|2.034|EXPORT DATA|FAILURE|Bacterio
DEBUG 2023-08-07 08:35:36 [main] a.b.t.loggenerator.LogGenerator - Creating Performance Trace
INFO 2023-08-07 08:35:36 [main] a.b.t.loggenerator.LogGenerator - PERFORMANCE|6.149|SEND EMAIL|FAILURE|IronFish
DEBUG 2023-08-07 08:35:38 [main] a.b.t.loggenerator.LogGenerator - Creating Login Trace
INFO 2023-08-07 08:35:38 [main] a.b.t.loggenerator.LogGenerator - LOGIN|400|SuperLopez|64.15.227.77
DEBUG 2023-08-07 08:35:38 [main] a.b.t.loggenerator.LogGenerator - Creating Performance Trace
INFO 2023-08-07 08:35:38 [main] a.b.t.loggenerator.LogGenerator - PERFORMANCE|2.272|SEND EMAIL|FAILURE|Sacarino
DEBUG 2023-08-07 08:35:38 [main] a.b.t.loggenerator.LogGenerator - Creating Error Trace
ERROR 2023-08-07 08:35:38 [main] a.b.t.loggenerator.LogGenerator - Document not found|
java.lang.Exception: Document not found
	at am.ballesteros.training.loggenerator.LogGeneratorKt.generateExceptionTrace(LogGenerator.kt:66)
	at am.ballesteros.training.loggenerator.LogGeneratorKt.generateTraces(LogGenerator.kt:31)
	at am.ballesteros.training.loggenerator.LogGeneratorKt$main$1.invoke(LogGenerator.kt:17)
	at am.ballesteros.training.loggenerator.LogGeneratorKt$main$1.invoke(LogGenerator.kt)
	at com.xenomachina.argparser.SystemExitExceptionKt.mainBody(SystemExitException.kt:74)
	at com.xenomachina.argparser.SystemExitExceptionKt.mainBody$default(SystemExitException.kt:72)
	at am.ballesteros.training.loggenerator.LogGeneratorKt.main(LogGenerator.kt:14)
DEBUG 2023-08-07 08:35:53 [main] a.b.t.loggenerator.LogGenerator - Creating Performance Trace
INFO 2023-08-07 08:35:53 [main] a.b.t.loggenerator.LogGenerator - PERFORMANCE|7.353|CREATE USER|SUCCESS|Zipi
DEBUG 2023-08-07 08:35:55 [main] a.b.t.loggenerator.LogGenerator - Creating Performance Trace
INFO 2023-08-07 08:35:55 [main] a.b.t.loggenerator.LogGenerator - PERFORMANCE|7.454|SEND EMAIL|FAILURE|Zape
DEBUG 2023-08-07 08:35:56 [main] a.b.t.loggenerator.LogGenerator - Creating Login Trace
INFO 2023-08-07 08:35:56 [main] a.b.t.loggenerator.LogGenerator - LOGIN|201|Robin|105.93.198.129
DEBUG 2023-08-07 08:35:57 [main] a.b.t.loggenerator.LogGenerator - Creating Performance Trace
INFO 2023-08-07 08:35:57 [main] a.b.t.loggenerator.LogGenerator - PERFORMANCE|1.733|SEND EMAIL|FAILURE|SuperLopez
DEBUG 2023-08-07 08:35:59 [main] a.b.t.loggenerator.LogGenerator - Creating Performance Trace
INFO 2023-08-07 08:35:59 [main] a.b.t.loggenerator.LogGenerator - PERFORMANCE|6.663|EXPORT DATA|FAILURE|Pantuflo
DEBUG 2023-08-07 08:36:01 [main] a.b.t.loggenerator.LogGenerator - Creating Login Trace
INFO 2023-08-07 08:36:01 [main] a.b.t.loggenerator.LogGenerator - LOGIN|250|Zape|167.251.85.212
DEBUG 2023-08-07 08:36:01 [main] a.b.t.loggenerator.LogGenerator - Creating Performance Trace
INFO 2023-08-07 08:36:01 [main] a.b.t.loggenerator.LogGenerator - PERFORMANCE|5.627|DELETE USER|SUCCESS|Flash
DEBUG 2023-08-07 08:36:03 [main] a.b.t.loggenerator.LogGenerator - Creating Performance Trace
INFO 2023-08-07 08:36:03 [main] a.b.t.loggenerator.LogGenerator - PERFORMANCE|2.695|DELETE USER|SUCCESS|Filemon
DEBUG 2023-08-07 08:36:05 [main] a.b.t.loggenerator.LogGenerator - Creating Performance Trace
INFO 2023-08-07 08:36:05 [main] a.b.t.loggenerator.LogGenerator - PERFORMANCE|4.853|SEND EMAIL|FAILURE|IronFish
DEBUG 2023-08-07 08:36:06 [main] a.b.t.loggenerator.LogGenerator - Creating Login Trace
INFO 2023-08-07 08:36:06 [main] a.b.t.loggenerator.LogGenerator - LOGIN|150|Filemon|238.67.112.191
DEBUG 2023-08-07 08:36:07 [main] a.b.t.loggenerator.LogGenerator - Creating Performance Trace
INFO 2023-08-07 08:36:07 [main] a.b.t.loggenerator.LogGenerator - PERFORMANCE|3.044|EXPORT DATA|SUCCESS|Thor
DEBUG 2023-08-07 08:36:09 [main] a.b.t.loggenerator.LogGenerator - Creating Performance Trace
INFO 2023-08-07 08:36:09 [main] a.b.t.loggenerator.LogGenerator - PERFORMANCE|2.184|LOGIN|SUCCESS|Zape
DEBUG 2023-08-07 08:36:11 [main] a.b.t.loggenerator.LogGenerator - Creating Login Trace
INFO 2023-08-07 08:36:11 [main] a.b.t.loggenerator.LogGenerator - LOGIN|404|Bacterio|77.189.47.234
DEBUG 2023-08-07 08:36:11 [main] a.b.t.loggenerator.LogGenerator - Creating Performance Trace
INFO 2023-08-07 08:36:11 [main] a.b.t.loggenerator.LogGenerator - PERFORMANCE|3.726|CREATE USER|FAILURE|Sacarino
DEBUG 2023-08-07 08:36:11 [main] a.b.t.loggenerator.LogGenerator - Creating Error Trace
ERROR 2023-08-07 08:36:11 [main] a.b.t.loggenerator.LogGenerator - Error creating user|
java.lang.Exception: Error creating user
	at am.ballesteros.training.loggenerator.LogGeneratorKt.generateExceptionTrace(LogGenerator.kt:66)
	at am.ballesteros.training.loggenerator.LogGeneratorKt.generateTraces(LogGenerator.kt:31)
	at am.ballesteros.training.loggenerator.LogGeneratorKt$main$1.invoke(LogGenerator.kt:17)
	at am.ballesteros.training.loggenerator.LogGeneratorKt$main$1.invoke(LogGenerator.kt)
	at com.xenomachina.argparser.SystemExitExceptionKt.mainBody(SystemExitException.kt:74)
	at com.xenomachina.argparser.SystemExitExceptionKt.mainBody$default(SystemExitException.kt:72)
	at am.ballesteros.training.loggenerator.LogGeneratorKt.main(LogGenerator.kt:14)
DEBUG 2023-08-07 08:36:52 [main] a.b.t.loggenerator.LogGenerator - Creating Performance Trace
INFO 2023-08-07 08:36:52 [main] a.b.t.loggenerator.LogGenerator - PERFORMANCE|1.874|LOGIN|SUCCESS|IronFish
DEBUG 2023-08-07 08:36:54 [main] a.b.t.loggenerator.LogGenerator - Creating Performance Trace
INFO 2023-08-07 08:36:54 [main] a.b.t.loggenerator.LogGenerator - PERFORMANCE|7.587|LOGIN|FAILURE|Batman
DEBUG 2023-08-07 08:36:55 [main] a.b.t.loggenerator.LogGenerator - Creating Login Trace
INFO 2023-08-07 08:36:55 [main] a.b.t.loggenerator.LogGenerator - LOGIN|200|Conan|1.143.176.69
DEBUG 2023-08-07 08:36:56 [main] a.b.t.loggenerator.LogGenerator - Creating Performance Trace
INFO 2023-08-07 08:36:56 [main] a.b.t.loggenerator.LogGenerator - PERFORMANCE|0.285|EXPORT DATA|FAILURE|Bacterio
DEBUG 2023-08-07 08:36:59 [main] a.b.t.loggenerator.LogGenerator - Creating Performance Trace
INFO 2023-08-07 08:36:59 [main] a.b.t.loggenerator.LogGenerator - PERFORMANCE|1.941|DELETE USER|FAILURE|Superman
DEBUG 2023-08-07 08:37:01 [main] a.b.t.loggenerator.LogGenerator - Creating Login Trace
INFO 2023-08-07 08:37:01 [main] a.b.t.loggenerator.LogGenerator - LOGIN|202|IronFish|6.73.124.111
DEBUG 2023-08-07 08:37:01 [main] a.b.t.loggenerator.LogGenerator - Creating Performance Trace
INFO 2023-08-07 08:37:01 [main] a.b.t.loggenerator.LogGenerator - PERFORMANCE|6.126|SEND EMAIL|FAILURE|Zipi
DEBUG 2023-08-07 08:37:03 [main] a.b.t.loggenerator.LogGenerator - Creating Performance Trace
INFO 2023-08-07 08:37:03 [main] a.b.t.loggenerator.LogGenerator - PERFORMANCE|5.758|EXPORT DATA|FAILURE|Conan
DEBUG 2023-08-07 08:37:05 [main] a.b.t.loggenerator.LogGenerator - Creating Performance Trace
INFO 2023-08-07 08:37:05 [main] a.b.t.loggenerator.LogGenerator - PERFORMANCE|7.309|DOWNLOAD DOCUMENT|FAILURE|Mortadelo
DEBUG 2023-08-07 08:37:06 [main] a.b.t.loggenerator.LogGenerator - Creating Login Trace
INFO 2023-08-07 08:37:06 [main] a.b.t.loggenerator.LogGenerator - LOGIN|204|Conan|84.48.51.131
DEBUG 2023-08-07 08:37:07 [main] a.b.t.loggenerator.LogGenerator - Creating Performance Trace
INFO 2023-08-07 08:37:07 [main] a.b.t.loggenerator.LogGenerator - PERFORMANCE|0.628|CREATE USER|FAILURE|Filemon
DEBUG 2023-08-07 08:37:09 [main] a.b.t.loggenerator.LogGenerator - Creating Performance Trace
INFO 2023-08-07 08:37:09 [main] a.b.t.loggenerator.LogGenerator - PERFORMANCE|7.944|SEND EMAIL|FAILURE|Bacterio
DEBUG 2023-08-07 08:37:11 [main] a.b.t.loggenerator.LogGenerator - Creating Login Trace
INFO 2023-08-07 08:37:11 [main] a.b.t.loggenerator.LogGenerator - LOGIN|100|Zape|129.188.150.133
DEBUG 2023-08-07 08:37:11 [main] a.b.t.loggenerator.LogGenerator - Creating Performance Trace
INFO 2023-08-07 08:37:11 [main] a.b.t.loggenerator.LogGenerator - PERFORMANCE|3.176|LOGIN|SUCCESS|IronFish
DEBUG 2023-08-07 08:37:11 [main] a.b.t.loggenerator.LogGenerator - Creating Error Trace
ERROR 2023-08-07 08:37:11 [main] a.b.t.loggenerator.LogGenerator - Error creating user|
java.lang.Exception: Error creating user
	at am.ballesteros.training.loggenerator.LogGeneratorKt.generateExceptionTrace(LogGenerator.kt:66)
	at am.ballesteros.training.loggenerator.LogGeneratorKt.generateTraces(LogGenerator.kt:31)
	at am.ballesteros.training.loggenerator.LogGeneratorKt$main$1.invoke(LogGenerator.kt:17)
	at am.ballesteros.training.loggenerator.LogGeneratorKt$main$1.invoke(LogGenerator.kt)
	at com.xenomachina.argparser.SystemExitExceptionKt.mainBody(SystemExitException.kt:74)
	at com.xenomachina.argparser.SystemExitExceptionKt.mainBody$default(SystemExitException.kt:72)
	at am.ballesteros.training.loggenerator.LogGeneratorKt.main(LogGenerator.kt:14)
