DEBUG 2023-07-17 18:34:20 [main] a.b.t.loggenerator.LogGenerator - Creating Performance Trace
INFO 2023-07-17 18:34:20 [main] a.b.t.loggenerator.LogGenerator - PERFORMANCE|6.039|EXPORT DATA|SUCCESS|Robin
DEBUG 2023-07-17 18:34:22 [main] a.b.t.loggenerator.LogGenerator - Creating Performance Trace
INFO 2023-07-17 18:34:22 [main] a.b.t.loggenerator.LogGenerator - PERFORMANCE|6.714|CREATE USER|SUCCESS|Batman
DEBUG 2023-07-17 18:34:23 [main] a.b.t.loggenerator.LogGenerator - Creating Login Trace
INFO 2023-07-17 18:34:23 [main] a.b.t.loggenerator.LogGenerator - LOGIN|150|Robin|206.166.192.24
DEBUG 2023-07-17 18:34:24 [main] a.b.t.loggenerator.LogGenerator - Creating Performance Trace
INFO 2023-07-17 18:34:24 [main] a.b.t.loggenerator.LogGenerator - PERFORMANCE|7.128|DELETE USER|SUCCESS|Robin
DEBUG 2023-07-17 18:34:26 [main] a.b.t.loggenerator.LogGenerator - Creating Performance Trace
INFO 2023-07-17 18:34:26 [main] a.b.t.loggenerator.LogGenerator - PERFORMANCE|5.139|CREATE USER|FAILURE|IronMan
DEBUG 2023-07-17 18:34:28 [main] a.b.t.loggenerator.LogGenerator - Creating Login Trace
INFO 2023-07-17 18:34:28 [main] a.b.t.loggenerator.LogGenerator - LOGIN|204|Rompetechos|250.106.215.56
DEBUG 2023-07-17 18:34:28 [main] a.b.t.loggenerator.LogGenerator - Creating Performance Trace
INFO 2023-07-17 18:34:28 [main] a.b.t.loggenerator.LogGenerator - PERFORMANCE|5.616|CREATE USER|SUCCESS|Conan
DEBUG 2023-07-17 18:34:30 [main] a.b.t.loggenerator.LogGenerator - Creating Performance Trace
INFO 2023-07-17 18:34:30 [main] a.b.t.loggenerator.LogGenerator - PERFORMANCE|1.069|DOWNLOAD DOCUMENT|FAILURE|SuperLopez
DEBUG 2023-07-17 18:34:32 [main] a.b.t.loggenerator.LogGenerator - Creating Performance Trace
INFO 2023-07-17 18:34:32 [main] a.b.t.loggenerator.LogGenerator - PERFORMANCE|1.844|SEND EMAIL|FAILURE|Rompetechos
DEBUG 2023-07-17 18:34:33 [main] a.b.t.loggenerator.LogGenerator - Creating Login Trace
INFO 2023-07-17 18:34:33 [main] a.b.t.loggenerator.LogGenerator - LOGIN|200|Pantuflo|102.2.212.230
DEBUG 2023-07-17 18:34:34 [main] a.b.t.loggenerator.LogGenerator - Creating Performance Trace
INFO 2023-07-17 18:34:34 [main] a.b.t.loggenerator.LogGenerator - PERFORMANCE|0.866|EXPORT DATA|SUCCESS|IronFish
DEBUG 2023-07-17 18:34:36 [main] a.b.t.loggenerator.LogGenerator - Creating Performance Trace
INFO 2023-07-17 18:34:36 [main] a.b.t.loggenerator.LogGenerator - PERFORMANCE|4.208|EXPORT DATA|FAILURE|Thor
DEBUG 2023-07-17 18:34:38 [main] a.b.t.loggenerator.LogGenerator - Creating Login Trace
INFO 2023-07-17 18:34:38 [main] a.b.t.loggenerator.LogGenerator - LOGIN|200|Pantuflo|249.250.189.228
DEBUG 2023-07-17 18:34:38 [main] a.b.t.loggenerator.LogGenerator - Creating Performance Trace
INFO 2023-07-17 18:34:38 [main] a.b.t.loggenerator.LogGenerator - PERFORMANCE|7.762|SEND EMAIL|FAILURE|IronFish
DEBUG 2023-07-17 18:34:38 [main] a.b.t.loggenerator.LogGenerator - Creating Error Trace
ERROR 2023-07-17 18:34:38 [main] a.b.t.loggenerator.LogGenerator - Lazy Loading is not allowed in this context|
java.lang.Exception: Lazy Loading is not allowed in this context
	at am.ballesteros.training.loggenerator.LogGeneratorKt.generateExceptionTrace(LogGenerator.kt:66)
	at am.ballesteros.training.loggenerator.LogGeneratorKt.generateTraces(LogGenerator.kt:31)
	at am.ballesteros.training.loggenerator.LogGeneratorKt$main$1.invoke(LogGenerator.kt:17)
	at am.ballesteros.training.loggenerator.LogGeneratorKt$main$1.invoke(LogGenerator.kt)
	at com.xenomachina.argparser.SystemExitExceptionKt.mainBody(SystemExitException.kt:74)
	at com.xenomachina.argparser.SystemExitExceptionKt.mainBody$default(SystemExitException.kt:72)
	at am.ballesteros.training.loggenerator.LogGeneratorKt.main(LogGenerator.kt:14)
DEBUG 2023-07-17 18:34:40 [main] a.b.t.loggenerator.LogGenerator - Creating Performance Trace
INFO 2023-07-17 18:34:40 [main] a.b.t.loggenerator.LogGenerator - PERFORMANCE|5.558|DELETE USER|FAILURE|Zape
DEBUG 2023-07-17 18:34:42 [main] a.b.t.loggenerator.LogGenerator - Creating Performance Trace
INFO 2023-07-17 18:34:42 [main] a.b.t.loggenerator.LogGenerator - PERFORMANCE|2.749|CREATE USER|SUCCESS|IronMan
DEBUG 2023-07-17 18:34:43 [main] a.b.t.loggenerator.LogGenerator - Creating Login Trace
INFO 2023-07-17 18:34:43 [main] a.b.t.loggenerator.LogGenerator - LOGIN|202|Rompetechos|102.134.247.96
DEBUG 2023-07-17 18:34:44 [main] a.b.t.loggenerator.LogGenerator - Creating Performance Trace
INFO 2023-07-17 18:34:44 [main] a.b.t.loggenerator.LogGenerator - PERFORMANCE|2.881|LOGIN|SUCCESS|SuperLopez
DEBUG 2023-07-17 18:34:46 [main] a.b.t.loggenerator.LogGenerator - Creating Performance Trace
INFO 2023-07-17 18:34:46 [main] a.b.t.loggenerator.LogGenerator - PERFORMANCE|3.67|EXPORT DATA|FAILURE|Robin
DEBUG 2023-07-17 18:34:48 [main] a.b.t.loggenerator.LogGenerator - Creating Login Trace
INFO 2023-07-17 18:34:48 [main] a.b.t.loggenerator.LogGenerator - LOGIN|404|Pantuflo|75.150.194.131
DEBUG 2023-07-17 18:34:48 [main] a.b.t.loggenerator.LogGenerator - Creating Performance Trace
INFO 2023-07-17 18:34:48 [main] a.b.t.loggenerator.LogGenerator - PERFORMANCE|4.609|CREATE USER|SUCCESS|Pantuflo
DEBUG 2023-07-17 18:34:50 [main] a.b.t.loggenerator.LogGenerator - Creating Performance Trace
INFO 2023-07-17 18:34:50 [main] a.b.t.loggenerator.LogGenerator - PERFORMANCE|2.425|DELETE USER|SUCCESS|Rompetechos
DEBUG 2023-07-17 18:34:52 [main] a.b.t.loggenerator.LogGenerator - Creating Performance Trace
INFO 2023-07-17 18:34:52 [main] a.b.t.loggenerator.LogGenerator - PERFORMANCE|6.081|DELETE USER|SUCCESS|Pantuflo
DEBUG 2023-07-17 18:34:53 [main] a.b.t.loggenerator.LogGenerator - Creating Login Trace
INFO 2023-07-17 18:34:53 [main] a.b.t.loggenerator.LogGenerator - LOGIN|202|Carpanta|54.90.131.245
DEBUG 2023-07-17 18:34:54 [main] a.b.t.loggenerator.LogGenerator - Creating Performance Trace
INFO 2023-07-17 18:34:54 [main] a.b.t.loggenerator.LogGenerator - PERFORMANCE|5.121|DELETE USER|SUCCESS|Robin
DEBUG 2023-07-17 18:34:56 [main] a.b.t.loggenerator.LogGenerator - Creating Performance Trace
INFO 2023-07-17 18:34:56 [main] a.b.t.loggenerator.LogGenerator - PERFORMANCE|5.23|DELETE USER|FAILURE|Flash
DEBUG 2023-07-17 18:34:58 [main] a.b.t.loggenerator.LogGenerator - Creating Login Trace
INFO 2023-07-17 18:34:58 [main] a.b.t.loggenerator.LogGenerator - LOGIN|202|Batman|166.200.229.139
DEBUG 2023-07-17 18:34:58 [main] a.b.t.loggenerator.LogGenerator - Creating Performance Trace
INFO 2023-07-17 18:34:58 [main] a.b.t.loggenerator.LogGenerator - PERFORMANCE|1.53|CREATE USER|SUCCESS|Conan
DEBUG 2023-07-17 18:34:58 [main] a.b.t.loggenerator.LogGenerator - Creating Error Trace
ERROR 2023-07-17 18:34:58 [main] a.b.t.loggenerator.LogGenerator - Email error: can not connect to SMTP Server|
java.lang.Exception: Email error: can not connect to SMTP Server
	at am.ballesteros.training.loggenerator.LogGeneratorKt.generateExceptionTrace(LogGenerator.kt:66)
	at am.ballesteros.training.loggenerator.LogGeneratorKt.generateTraces(LogGenerator.kt:31)
	at am.ballesteros.training.loggenerator.LogGeneratorKt$main$1.invoke(LogGenerator.kt:17)
	at am.ballesteros.training.loggenerator.LogGeneratorKt$main$1.invoke(LogGenerator.kt)
	at com.xenomachina.argparser.SystemExitExceptionKt.mainBody(SystemExitException.kt:74)
	at com.xenomachina.argparser.SystemExitExceptionKt.mainBody$default(SystemExitException.kt:72)
	at am.ballesteros.training.loggenerator.LogGeneratorKt.main(LogGenerator.kt:14)
DEBUG 2023-07-17 18:35:00 [main] a.b.t.loggenerator.LogGenerator - Creating Performance Trace
INFO 2023-07-17 18:35:00 [main] a.b.t.loggenerator.LogGenerator - PERFORMANCE|2.846|SEND EMAIL|FAILURE|Rompetechos
DEBUG 2023-07-17 18:35:02 [main] a.b.t.loggenerator.LogGenerator - Creating Performance Trace
INFO 2023-07-17 18:35:02 [main] a.b.t.loggenerator.LogGenerator - PERFORMANCE|3.964|SEND EMAIL|SUCCESS|Filemon
DEBUG 2023-07-17 18:35:03 [main] a.b.t.loggenerator.LogGenerator - Creating Login Trace
INFO 2023-07-17 18:35:03 [main] a.b.t.loggenerator.LogGenerator - LOGIN|204|IronFish|214.192.251.196
DEBUG 2023-07-17 18:35:04 [main] a.b.t.loggenerator.LogGenerator - Creating Performance Trace
INFO 2023-07-17 18:35:04 [main] a.b.t.loggenerator.LogGenerator - PERFORMANCE|6.842|SEND EMAIL|SUCCESS|Batman
DEBUG 2023-07-17 18:35:06 [main] a.b.t.loggenerator.LogGenerator - Creating Performance Trace
INFO 2023-07-17 18:35:06 [main] a.b.t.loggenerator.LogGenerator - PERFORMANCE|2.168|LOGIN|SUCCESS|Robin
DEBUG 2023-07-17 18:35:08 [main] a.b.t.loggenerator.LogGenerator - Creating Login Trace
INFO 2023-07-17 18:35:08 [main] a.b.t.loggenerator.LogGenerator - LOGIN|404|Batman|246.123.110.61
DEBUG 2023-07-17 18:35:08 [main] a.b.t.loggenerator.LogGenerator - Creating Performance Trace
INFO 2023-07-17 18:35:08 [main] a.b.t.loggenerator.LogGenerator - PERFORMANCE|2.879|LOGIN|SUCCESS|Zipi
DEBUG 2023-07-17 18:35:10 [main] a.b.t.loggenerator.LogGenerator - Creating Performance Trace
INFO 2023-07-17 18:35:10 [main] a.b.t.loggenerator.LogGenerator - PERFORMANCE|1.123|DELETE USER|FAILURE|Zipi
DEBUG 2023-07-17 18:35:12 [main] a.b.t.loggenerator.LogGenerator - Creating Performance Trace
INFO 2023-07-17 18:35:12 [main] a.b.t.loggenerator.LogGenerator - PERFORMANCE|1.935|EXPORT DATA|FAILURE|Zipi
DEBUG 2023-07-17 18:35:13 [main] a.b.t.loggenerator.LogGenerator - Creating Login Trace
INFO 2023-07-17 18:35:13 [main] a.b.t.loggenerator.LogGenerator - LOGIN|204|Thor|116.8.158.199
DEBUG 2023-07-17 18:35:14 [main] a.b.t.loggenerator.LogGenerator - Creating Performance Trace
INFO 2023-07-17 18:35:14 [main] a.b.t.loggenerator.LogGenerator - PERFORMANCE|2.225|CREATE USER|SUCCESS|Sacarino
DEBUG 2023-07-17 18:35:16 [main] a.b.t.loggenerator.LogGenerator - Creating Performance Trace
INFO 2023-07-17 18:35:16 [main] a.b.t.loggenerator.LogGenerator - PERFORMANCE|1.501|DOWNLOAD DOCUMENT|FAILURE|Rompetechos
DEBUG 2023-07-17 18:35:18 [main] a.b.t.loggenerator.LogGenerator - Creating Login Trace
INFO 2023-07-17 18:35:18 [main] a.b.t.loggenerator.LogGenerator - LOGIN|404|Bacterio|96.61.78.232
DEBUG 2023-07-17 18:35:18 [main] a.b.t.loggenerator.LogGenerator - Creating Performance Trace
INFO 2023-07-17 18:35:18 [main] a.b.t.loggenerator.LogGenerator - PERFORMANCE|5.957|SEND EMAIL|FAILURE|Batman
DEBUG 2023-07-17 18:35:18 [main] a.b.t.loggenerator.LogGenerator - Creating Error Trace
ERROR 2023-07-17 18:35:18 [main] a.b.t.loggenerator.LogGenerator - Number expected|
java.lang.Exception: Number expected
	at am.ballesteros.training.loggenerator.LogGeneratorKt.generateExceptionTrace(LogGenerator.kt:66)
	at am.ballesteros.training.loggenerator.LogGeneratorKt.generateTraces(LogGenerator.kt:31)
	at am.ballesteros.training.loggenerator.LogGeneratorKt$main$1.invoke(LogGenerator.kt:17)
	at am.ballesteros.training.loggenerator.LogGeneratorKt$main$1.invoke(LogGenerator.kt)
	at com.xenomachina.argparser.SystemExitExceptionKt.mainBody(SystemExitException.kt:74)
	at com.xenomachina.argparser.SystemExitExceptionKt.mainBody$default(SystemExitException.kt:72)
	at am.ballesteros.training.loggenerator.LogGeneratorKt.main(LogGenerator.kt:14)
DEBUG 2023-07-17 18:35:20 [main] a.b.t.loggenerator.LogGenerator - Creating Performance Trace
INFO 2023-07-17 18:35:20 [main] a.b.t.loggenerator.LogGenerator - PERFORMANCE|6.933|EXPORT DATA|FAILURE|Zape
DEBUG 2023-07-17 18:35:22 [main] a.b.t.loggenerator.LogGenerator - Creating Performance Trace
INFO 2023-07-17 18:35:22 [main] a.b.t.loggenerator.LogGenerator - PERFORMANCE|4.918|CREATE USER|FAILURE|SuperLopez
DEBUG 2023-07-17 18:35:23 [main] a.b.t.loggenerator.LogGenerator - Creating Login Trace
INFO 2023-07-17 18:35:23 [main] a.b.t.loggenerator.LogGenerator - LOGIN|400|Sacarino|38.62.174.132
DEBUG 2023-07-17 18:35:24 [main] a.b.t.loggenerator.LogGenerator - Creating Performance Trace
INFO 2023-07-17 18:35:24 [main] a.b.t.loggenerator.LogGenerator - PERFORMANCE|3.281|LOGIN|SUCCESS|Sacarino
DEBUG 2023-07-17 18:35:26 [main] a.b.t.loggenerator.LogGenerator - Creating Performance Trace
INFO 2023-07-17 18:35:26 [main] a.b.t.loggenerator.LogGenerator - PERFORMANCE|7.855|CREATE USER|FAILURE|Batman
DEBUG 2023-07-17 18:35:28 [main] a.b.t.loggenerator.LogGenerator - Creating Login Trace
INFO 2023-07-17 18:35:28 [main] a.b.t.loggenerator.LogGenerator - LOGIN|204|Rompetechos|42.109.52.249
DEBUG 2023-07-17 18:35:28 [main] a.b.t.loggenerator.LogGenerator - Creating Performance Trace
INFO 2023-07-17 18:35:28 [main] a.b.t.loggenerator.LogGenerator - PERFORMANCE|0.083|DOWNLOAD DOCUMENT|SUCCESS|Filemon
DEBUG 2023-07-17 18:35:30 [main] a.b.t.loggenerator.LogGenerator - Creating Performance Trace
INFO 2023-07-17 18:35:30 [main] a.b.t.loggenerator.LogGenerator - PERFORMANCE|1.726|LOGIN|FAILURE|Rompetechos
DEBUG 2023-07-17 18:35:32 [main] a.b.t.loggenerator.LogGenerator - Creating Performance Trace
INFO 2023-07-17 18:35:32 [main] a.b.t.loggenerator.LogGenerator - PERFORMANCE|5.116|CREATE USER|SUCCESS|Conan
DEBUG 2023-07-17 18:35:33 [main] a.b.t.loggenerator.LogGenerator - Creating Login Trace
INFO 2023-07-17 18:35:33 [main] a.b.t.loggenerator.LogGenerator - LOGIN|400|Carpanta|255.159.44.93
DEBUG 2023-07-17 18:35:34 [main] a.b.t.loggenerator.LogGenerator - Creating Performance Trace
INFO 2023-07-17 18:35:34 [main] a.b.t.loggenerator.LogGenerator - PERFORMANCE|3.096|EXPORT DATA|FAILURE|Flash
DEBUG 2023-07-17 18:35:36 [main] a.b.t.loggenerator.LogGenerator - Creating Performance Trace
INFO 2023-07-17 18:35:36 [main] a.b.t.loggenerator.LogGenerator - PERFORMANCE|5.124|SEND EMAIL|FAILURE|Mortadelo
DEBUG 2023-07-17 18:35:39 [main] a.b.t.loggenerator.LogGenerator - Creating Login Trace
INFO 2023-07-17 18:35:39 [main] a.b.t.loggenerator.LogGenerator - LOGIN|250|Zape|227.66.64.174
DEBUG 2023-07-17 18:35:39 [main] a.b.t.loggenerator.LogGenerator - Creating Performance Trace
INFO 2023-07-17 18:35:39 [main] a.b.t.loggenerator.LogGenerator - PERFORMANCE|7.259|CREATE USER|SUCCESS|Bacterio
DEBUG 2023-07-17 18:35:39 [main] a.b.t.loggenerator.LogGenerator - Creating Error Trace
ERROR 2023-07-17 18:35:39 [main] a.b.t.loggenerator.LogGenerator - Error connecting to database|
java.lang.Exception: Error connecting to database
	at am.ballesteros.training.loggenerator.LogGeneratorKt.generateExceptionTrace(LogGenerator.kt:66)
	at am.ballesteros.training.loggenerator.LogGeneratorKt.generateTraces(LogGenerator.kt:31)
	at am.ballesteros.training.loggenerator.LogGeneratorKt$main$1.invoke(LogGenerator.kt:17)
	at am.ballesteros.training.loggenerator.LogGeneratorKt$main$1.invoke(LogGenerator.kt)
	at com.xenomachina.argparser.SystemExitExceptionKt.mainBody(SystemExitException.kt:74)
	at com.xenomachina.argparser.SystemExitExceptionKt.mainBody$default(SystemExitException.kt:72)
	at am.ballesteros.training.loggenerator.LogGeneratorKt.main(LogGenerator.kt:14)
DEBUG 2023-07-17 18:35:41 [main] a.b.t.loggenerator.LogGenerator - Creating Performance Trace
INFO 2023-07-17 18:35:41 [main] a.b.t.loggenerator.LogGenerator - PERFORMANCE|6.225|LOGIN|FAILURE|IronMan
DEBUG 2023-07-17 18:35:43 [main] a.b.t.loggenerator.LogGenerator - Creating Performance Trace
INFO 2023-07-17 18:35:43 [main] a.b.t.loggenerator.LogGenerator - PERFORMANCE|1.302|EXPORT DATA|FAILURE|Superman
DEBUG 2023-07-17 18:35:44 [main] a.b.t.loggenerator.LogGenerator - Creating Login Trace
INFO 2023-07-17 18:35:44 [main] a.b.t.loggenerator.LogGenerator - LOGIN|404|Rompetechos|57.248.69.33
DEBUG 2023-07-17 18:35:45 [main] a.b.t.loggenerator.LogGenerator - Creating Performance Trace
INFO 2023-07-17 18:35:45 [main] a.b.t.loggenerator.LogGenerator - PERFORMANCE|0.652|SEND EMAIL|FAILURE|Rompetechos
DEBUG 2023-07-17 18:35:47 [main] a.b.t.loggenerator.LogGenerator - Creating Performance Trace
INFO 2023-07-17 18:35:47 [main] a.b.t.loggenerator.LogGenerator - PERFORMANCE|7.169|SEND EMAIL|FAILURE|SuperLopez
DEBUG 2023-07-17 18:35:49 [main] a.b.t.loggenerator.LogGenerator - Creating Login Trace
INFO 2023-07-17 18:35:49 [main] a.b.t.loggenerator.LogGenerator - LOGIN|150|IronFish|78.111.113.41
DEBUG 2023-07-17 18:35:49 [main] a.b.t.loggenerator.LogGenerator - Creating Performance Trace
INFO 2023-07-17 18:35:49 [main] a.b.t.loggenerator.LogGenerator - PERFORMANCE|3.332|DELETE USER|SUCCESS|IronMan
DEBUG 2023-07-17 18:35:51 [main] a.b.t.loggenerator.LogGenerator - Creating Performance Trace
INFO 2023-07-17 18:35:51 [main] a.b.t.loggenerator.LogGenerator - PERFORMANCE|4.235|SEND EMAIL|FAILURE|IronFish
DEBUG 2023-07-17 18:35:53 [main] a.b.t.loggenerator.LogGenerator - Creating Performance Trace
INFO 2023-07-17 18:35:53 [main] a.b.t.loggenerator.LogGenerator - PERFORMANCE|1.246|SEND EMAIL|SUCCESS|Superman
DEBUG 2023-07-17 18:35:54 [main] a.b.t.loggenerator.LogGenerator - Creating Login Trace
INFO 2023-07-17 18:35:54 [main] a.b.t.loggenerator.LogGenerator - LOGIN|400|Mortadelo|242.177.255.233
DEBUG 2023-07-17 18:35:55 [main] a.b.t.loggenerator.LogGenerator - Creating Performance Trace
INFO 2023-07-17 18:35:55 [main] a.b.t.loggenerator.LogGenerator - PERFORMANCE|6.414|LOGIN|SUCCESS|SuperLopez
DEBUG 2023-07-17 18:35:57 [main] a.b.t.loggenerator.LogGenerator - Creating Performance Trace
INFO 2023-07-17 18:35:57 [main] a.b.t.loggenerator.LogGenerator - PERFORMANCE|2.492|CREATE USER|SUCCESS|Superman
DEBUG 2023-07-17 18:35:59 [main] a.b.t.loggenerator.LogGenerator - Creating Login Trace
INFO 2023-07-17 18:35:59 [main] a.b.t.loggenerator.LogGenerator - LOGIN|200|Zipi|81.230.51.238
DEBUG 2023-07-17 18:35:59 [main] a.b.t.loggenerator.LogGenerator - Creating Performance Trace
INFO 2023-07-17 18:35:59 [main] a.b.t.loggenerator.LogGenerator - PERFORMANCE|3.281|DOWNLOAD DOCUMENT|SUCCESS|Conan
DEBUG 2023-07-17 18:35:59 [main] a.b.t.loggenerator.LogGenerator - Creating Error Trace
ERROR 2023-07-17 18:35:59 [main] a.b.t.loggenerator.LogGenerator - Invalid credentials. User will be flag as inactive|
java.lang.Exception: Invalid credentials. User will be flag as inactive
	at am.ballesteros.training.loggenerator.LogGeneratorKt.generateExceptionTrace(LogGenerator.kt:66)
	at am.ballesteros.training.loggenerator.LogGeneratorKt.generateTraces(LogGenerator.kt:31)
	at am.ballesteros.training.loggenerator.LogGeneratorKt$main$1.invoke(LogGenerator.kt:17)
	at am.ballesteros.training.loggenerator.LogGeneratorKt$main$1.invoke(LogGenerator.kt)
	at com.xenomachina.argparser.SystemExitExceptionKt.mainBody(SystemExitException.kt:74)
	at com.xenomachina.argparser.SystemExitExceptionKt.mainBody$default(SystemExitException.kt:72)
	at am.ballesteros.training.loggenerator.LogGeneratorKt.main(LogGenerator.kt:14)
DEBUG 2023-07-17 21:22:54 [main] a.b.t.loggenerator.LogGenerator - Creating Performance Trace
INFO 2023-07-17 21:22:54 [main] a.b.t.loggenerator.LogGenerator - PERFORMANCE|6.299|SEND EMAIL|SUCCESS|Filemon
DEBUG 2023-07-17 21:22:56 [main] a.b.t.loggenerator.LogGenerator - Creating Performance Trace
INFO 2023-07-17 21:22:56 [main] a.b.t.loggenerator.LogGenerator - PERFORMANCE|5.04|SEND EMAIL|FAILURE|Robin
DEBUG 2023-07-17 21:22:57 [main] a.b.t.loggenerator.LogGenerator - Creating Login Trace
INFO 2023-07-17 21:22:57 [main] a.b.t.loggenerator.LogGenerator - LOGIN|500|Flash|77.219.16.34
DEBUG 2023-07-17 21:22:58 [main] a.b.t.loggenerator.LogGenerator - Creating Performance Trace
INFO 2023-07-17 21:22:58 [main] a.b.t.loggenerator.LogGenerator - PERFORMANCE|0.865|EXPORT DATA|FAILURE|Robin
DEBUG 2023-07-17 21:23:00 [main] a.b.t.loggenerator.LogGenerator - Creating Performance Trace
INFO 2023-07-17 21:23:00 [main] a.b.t.loggenerator.LogGenerator - PERFORMANCE|6.148|DOWNLOAD DOCUMENT|FAILURE|Conan
DEBUG 2023-07-17 21:23:02 [main] a.b.t.loggenerator.LogGenerator - Creating Login Trace
INFO 2023-07-17 21:23:02 [main] a.b.t.loggenerator.LogGenerator - LOGIN|201|Batman|142.254.221.241
DEBUG 2023-07-17 21:23:02 [main] a.b.t.loggenerator.LogGenerator - Creating Performance Trace
INFO 2023-07-17 21:23:02 [main] a.b.t.loggenerator.LogGenerator - PERFORMANCE|4.592|CREATE USER|FAILURE|Bacterio
DEBUG 2023-07-17 21:23:04 [main] a.b.t.loggenerator.LogGenerator - Creating Performance Trace
INFO 2023-07-17 21:23:04 [main] a.b.t.loggenerator.LogGenerator - PERFORMANCE|4.579|EXPORT DATA|SUCCESS|IronFish
DEBUG 2023-07-17 21:23:06 [main] a.b.t.loggenerator.LogGenerator - Creating Performance Trace
INFO 2023-07-17 21:23:06 [main] a.b.t.loggenerator.LogGenerator - PERFORMANCE|3.021|DELETE USER|FAILURE|Robin
DEBUG 2023-07-17 21:23:07 [main] a.b.t.loggenerator.LogGenerator - Creating Login Trace
INFO 2023-07-17 21:23:07 [main] a.b.t.loggenerator.LogGenerator - LOGIN|500|Batman|141.83.128.88
DEBUG 2023-07-17 21:23:08 [main] a.b.t.loggenerator.LogGenerator - Creating Performance Trace
INFO 2023-07-17 21:23:08 [main] a.b.t.loggenerator.LogGenerator - PERFORMANCE|5.126|SEND EMAIL|SUCCESS|Filemon
DEBUG 2023-07-17 21:23:10 [main] a.b.t.loggenerator.LogGenerator - Creating Performance Trace
INFO 2023-07-17 21:23:10 [main] a.b.t.loggenerator.LogGenerator - PERFORMANCE|4.04|SEND EMAIL|FAILURE|Bacterio
DEBUG 2023-07-17 21:23:12 [main] a.b.t.loggenerator.LogGenerator - Creating Login Trace
INFO 2023-07-17 21:23:12 [main] a.b.t.loggenerator.LogGenerator - LOGIN|150|Bacterio|200.197.254.100
DEBUG 2023-07-17 21:23:12 [main] a.b.t.loggenerator.LogGenerator - Creating Performance Trace
INFO 2023-07-17 21:23:12 [main] a.b.t.loggenerator.LogGenerator - PERFORMANCE|6.819|SEND EMAIL|FAILURE|Zipi
DEBUG 2023-07-17 21:23:12 [main] a.b.t.loggenerator.LogGenerator - Creating Error Trace
ERROR 2023-07-17 21:23:12 [main] a.b.t.loggenerator.LogGenerator - Form can not be validated due to some database issue|
java.lang.Exception: Form can not be validated due to some database issue
	at am.ballesteros.training.loggenerator.LogGeneratorKt.generateExceptionTrace(LogGenerator.kt:66)
	at am.ballesteros.training.loggenerator.LogGeneratorKt.generateTraces(LogGenerator.kt:31)
	at am.ballesteros.training.loggenerator.LogGeneratorKt$main$1.invoke(LogGenerator.kt:17)
	at am.ballesteros.training.loggenerator.LogGeneratorKt$main$1.invoke(LogGenerator.kt)
	at com.xenomachina.argparser.SystemExitExceptionKt.mainBody(SystemExitException.kt:74)
	at com.xenomachina.argparser.SystemExitExceptionKt.mainBody$default(SystemExitException.kt:72)
	at am.ballesteros.training.loggenerator.LogGeneratorKt.main(LogGenerator.kt:14)
DEBUG 2023-07-17 21:23:14 [main] a.b.t.loggenerator.LogGenerator - Creating Performance Trace
INFO 2023-07-17 21:23:14 [main] a.b.t.loggenerator.LogGenerator - PERFORMANCE|5.01|LOGIN|SUCCESS|IronFish
DEBUG 2023-07-17 21:23:16 [main] a.b.t.loggenerator.LogGenerator - Creating Performance Trace
INFO 2023-07-17 21:23:16 [main] a.b.t.loggenerator.LogGenerator - PERFORMANCE|5.033|LOGIN|FAILURE|Batman
DEBUG 2023-07-17 21:23:17 [main] a.b.t.loggenerator.LogGenerator - Creating Login Trace
INFO 2023-07-17 21:23:17 [main] a.b.t.loggenerator.LogGenerator - LOGIN|201|Zipi|2.39.35.36
DEBUG 2023-07-17 21:23:18 [main] a.b.t.loggenerator.LogGenerator - Creating Performance Trace
INFO 2023-07-17 21:23:18 [main] a.b.t.loggenerator.LogGenerator - PERFORMANCE|0.26|EXPORT DATA|FAILURE|Pantuflo
DEBUG 2023-07-17 21:23:20 [main] a.b.t.loggenerator.LogGenerator - Creating Performance Trace
INFO 2023-07-17 21:23:20 [main] a.b.t.loggenerator.LogGenerator - PERFORMANCE|0.125|CREATE USER|FAILURE|Carpanta
DEBUG 2023-07-17 21:23:22 [main] a.b.t.loggenerator.LogGenerator - Creating Login Trace
INFO 2023-07-17 21:23:22 [main] a.b.t.loggenerator.LogGenerator - LOGIN|200|Rompetechos|35.65.221.10
DEBUG 2023-07-17 21:23:22 [main] a.b.t.loggenerator.LogGenerator - Creating Performance Trace
INFO 2023-07-17 21:23:22 [main] a.b.t.loggenerator.LogGenerator - PERFORMANCE|5.784|DOWNLOAD DOCUMENT|SUCCESS|SuperLopez
DEBUG 2023-07-17 21:23:24 [main] a.b.t.loggenerator.LogGenerator - Creating Performance Trace
INFO 2023-07-17 21:23:24 [main] a.b.t.loggenerator.LogGenerator - PERFORMANCE|5.145|CREATE USER|SUCCESS|Superman
DEBUG 2023-07-17 21:23:26 [main] a.b.t.loggenerator.LogGenerator - Creating Performance Trace
INFO 2023-07-17 21:23:26 [main] a.b.t.loggenerator.LogGenerator - PERFORMANCE|4.524|SEND EMAIL|FAILURE|Robin
DEBUG 2023-07-17 21:23:27 [main] a.b.t.loggenerator.LogGenerator - Creating Login Trace
INFO 2023-07-17 21:23:27 [main] a.b.t.loggenerator.LogGenerator - LOGIN|400|Superman|100.47.173.243
DEBUG 2023-07-17 21:23:28 [main] a.b.t.loggenerator.LogGenerator - Creating Performance Trace
INFO 2023-07-17 21:23:28 [main] a.b.t.loggenerator.LogGenerator - PERFORMANCE|6.495|LOGIN|SUCCESS|IronFish
DEBUG 2023-07-17 21:23:30 [main] a.b.t.loggenerator.LogGenerator - Creating Performance Trace
INFO 2023-07-17 21:23:30 [main] a.b.t.loggenerator.LogGenerator - PERFORMANCE|2.467|EXPORT DATA|FAILURE|Sacarino
DEBUG 2023-07-17 21:23:32 [main] a.b.t.loggenerator.LogGenerator - Creating Login Trace
INFO 2023-07-17 21:23:32 [main] a.b.t.loggenerator.LogGenerator - LOGIN|204|Carpanta|27.34.11.141
DEBUG 2023-07-17 21:23:32 [main] a.b.t.loggenerator.LogGenerator - Creating Performance Trace
INFO 2023-07-17 21:23:32 [main] a.b.t.loggenerator.LogGenerator - PERFORMANCE|5.058|DELETE USER|FAILURE|IronMan
DEBUG 2023-07-17 21:23:32 [main] a.b.t.loggenerator.LogGenerator - Creating Error Trace
ERROR 2023-07-17 21:23:32 [main] a.b.t.loggenerator.LogGenerator - Email error: can not connect to SMTP Server|
java.lang.Exception: Email error: can not connect to SMTP Server
	at am.ballesteros.training.loggenerator.LogGeneratorKt.generateExceptionTrace(LogGenerator.kt:66)
	at am.ballesteros.training.loggenerator.LogGeneratorKt.generateTraces(LogGenerator.kt:31)
	at am.ballesteros.training.loggenerator.LogGeneratorKt$main$1.invoke(LogGenerator.kt:17)
	at am.ballesteros.training.loggenerator.LogGeneratorKt$main$1.invoke(LogGenerator.kt)
	at com.xenomachina.argparser.SystemExitExceptionKt.mainBody(SystemExitException.kt:74)
	at com.xenomachina.argparser.SystemExitExceptionKt.mainBody$default(SystemExitException.kt:72)
	at am.ballesteros.training.loggenerator.LogGeneratorKt.main(LogGenerator.kt:14)
DEBUG 2023-07-17 21:23:34 [main] a.b.t.loggenerator.LogGenerator - Creating Performance Trace
INFO 2023-07-17 21:23:34 [main] a.b.t.loggenerator.LogGenerator - PERFORMANCE|7.434|SEND EMAIL|FAILURE|IronFish
DEBUG 2023-07-17 21:23:36 [main] a.b.t.loggenerator.LogGenerator - Creating Performance Trace
INFO 2023-07-17 21:23:36 [main] a.b.t.loggenerator.LogGenerator - PERFORMANCE|0.342|SEND EMAIL|SUCCESS|Zape
DEBUG 2023-07-17 21:23:37 [main] a.b.t.loggenerator.LogGenerator - Creating Login Trace
INFO 2023-07-17 21:23:37 [main] a.b.t.loggenerator.LogGenerator - LOGIN|202|Mortadelo|16.42.156.234
DEBUG 2023-07-17 21:23:38 [main] a.b.t.loggenerator.LogGenerator - Creating Performance Trace
INFO 2023-07-17 21:23:38 [main] a.b.t.loggenerator.LogGenerator - PERFORMANCE|6.52|LOGIN|FAILURE|Thor
DEBUG 2023-07-17 21:23:40 [main] a.b.t.loggenerator.LogGenerator - Creating Performance Trace
INFO 2023-07-17 21:23:40 [main] a.b.t.loggenerator.LogGenerator - PERFORMANCE|4.24|CREATE USER|SUCCESS|Pantuflo
DEBUG 2023-07-17 21:23:42 [main] a.b.t.loggenerator.LogGenerator - Creating Login Trace
INFO 2023-07-17 21:23:42 [main] a.b.t.loggenerator.LogGenerator - LOGIN|400|IronFish|43.42.250.110
DEBUG 2023-07-17 21:23:42 [main] a.b.t.loggenerator.LogGenerator - Creating Performance Trace
INFO 2023-07-17 21:23:42 [main] a.b.t.loggenerator.LogGenerator - PERFORMANCE|0.003|CREATE USER|FAILURE|Pantuflo
DEBUG 2023-07-17 21:32:59 [main] a.b.t.loggenerator.LogGenerator - Creating Performance Trace
INFO 2023-07-17 21:32:59 [main] a.b.t.loggenerator.LogGenerator - PERFORMANCE|4.137|CREATE USER|FAILURE|Rompetechos
DEBUG 2023-07-17 21:33:01 [main] a.b.t.loggenerator.LogGenerator - Creating Performance Trace
INFO 2023-07-17 21:33:01 [main] a.b.t.loggenerator.LogGenerator - PERFORMANCE|6.208|CREATE USER|FAILURE|Mortadelo
DEBUG 2023-07-17 21:33:02 [main] a.b.t.loggenerator.LogGenerator - Creating Login Trace
INFO 2023-07-17 21:33:02 [main] a.b.t.loggenerator.LogGenerator - LOGIN|204|Batman|30.31.167.85
DEBUG 2023-07-17 21:33:03 [main] a.b.t.loggenerator.LogGenerator - Creating Performance Trace
INFO 2023-07-17 21:33:03 [main] a.b.t.loggenerator.LogGenerator - PERFORMANCE|0.403|SEND EMAIL|FAILURE|Conan
DEBUG 2023-07-17 21:33:05 [main] a.b.t.loggenerator.LogGenerator - Creating Performance Trace
INFO 2023-07-17 21:33:05 [main] a.b.t.loggenerator.LogGenerator - PERFORMANCE|7.427|DOWNLOAD DOCUMENT|FAILURE|Bacterio
DEBUG 2023-07-17 21:33:07 [main] a.b.t.loggenerator.LogGenerator - Creating Login Trace
INFO 2023-07-17 21:33:07 [main] a.b.t.loggenerator.LogGenerator - LOGIN|404|IronMan|158.91.138.219
DEBUG 2023-07-17 21:33:07 [main] a.b.t.loggenerator.LogGenerator - Creating Performance Trace
INFO 2023-07-17 21:33:07 [main] a.b.t.loggenerator.LogGenerator - PERFORMANCE|5.924|EXPORT DATA|FAILURE|Filemon
DEBUG 2023-07-17 21:33:09 [main] a.b.t.loggenerator.LogGenerator - Creating Performance Trace
INFO 2023-07-17 21:33:09 [main] a.b.t.loggenerator.LogGenerator - PERFORMANCE|6.655|CREATE USER|FAILURE|Conan
DEBUG 2023-07-17 21:33:11 [main] a.b.t.loggenerator.LogGenerator - Creating Performance Trace
INFO 2023-07-17 21:33:11 [main] a.b.t.loggenerator.LogGenerator - PERFORMANCE|7.125|LOGIN|SUCCESS|Batman
DEBUG 2023-07-17 21:33:12 [main] a.b.t.loggenerator.LogGenerator - Creating Login Trace
INFO 2023-07-17 21:33:12 [main] a.b.t.loggenerator.LogGenerator - LOGIN|100|Batman|144.206.109.232
DEBUG 2023-07-17 21:33:13 [main] a.b.t.loggenerator.LogGenerator - Creating Performance Trace
INFO 2023-07-17 21:33:13 [main] a.b.t.loggenerator.LogGenerator - PERFORMANCE|4.41|LOGIN|SUCCESS|Zape
DEBUG 2023-07-17 21:33:15 [main] a.b.t.loggenerator.LogGenerator - Creating Performance Trace
INFO 2023-07-17 21:33:15 [main] a.b.t.loggenerator.LogGenerator - PERFORMANCE|4.89|SEND EMAIL|FAILURE|Filemon
DEBUG 2023-07-17 21:33:17 [main] a.b.t.loggenerator.LogGenerator - Creating Login Trace
INFO 2023-07-17 21:33:17 [main] a.b.t.loggenerator.LogGenerator - LOGIN|204|Robin|24.152.94.148
DEBUG 2023-07-17 21:33:17 [main] a.b.t.loggenerator.LogGenerator - Creating Performance Trace
INFO 2023-07-17 21:33:17 [main] a.b.t.loggenerator.LogGenerator - PERFORMANCE|5.002|LOGIN|FAILURE|Zipi
DEBUG 2023-07-17 21:33:17 [main] a.b.t.loggenerator.LogGenerator - Creating Error Trace
ERROR 2023-07-17 21:33:17 [main] a.b.t.loggenerator.LogGenerator - Number expected|
java.lang.Exception: Number expected
	at am.ballesteros.training.loggenerator.LogGeneratorKt.generateExceptionTrace(LogGenerator.kt:66)
	at am.ballesteros.training.loggenerator.LogGeneratorKt.generateTraces(LogGenerator.kt:31)
	at am.ballesteros.training.loggenerator.LogGeneratorKt$main$1.invoke(LogGenerator.kt:17)
	at am.ballesteros.training.loggenerator.LogGeneratorKt$main$1.invoke(LogGenerator.kt)
	at com.xenomachina.argparser.SystemExitExceptionKt.mainBody(SystemExitException.kt:74)
	at com.xenomachina.argparser.SystemExitExceptionKt.mainBody$default(SystemExitException.kt:72)
	at am.ballesteros.training.loggenerator.LogGeneratorKt.main(LogGenerator.kt:14)
DEBUG 2023-07-17 21:33:19 [main] a.b.t.loggenerator.LogGenerator - Creating Performance Trace
INFO 2023-07-17 21:33:19 [main] a.b.t.loggenerator.LogGenerator - PERFORMANCE|4.485|LOGIN|SUCCESS|Conan
DEBUG 2023-07-17 21:33:21 [main] a.b.t.loggenerator.LogGenerator - Creating Performance Trace
INFO 2023-07-17 21:33:21 [main] a.b.t.loggenerator.LogGenerator - PERFORMANCE|5.155|EXPORT DATA|FAILURE|IronFish
DEBUG 2023-07-17 21:33:22 [main] a.b.t.loggenerator.LogGenerator - Creating Login Trace
INFO 2023-07-17 21:33:22 [main] a.b.t.loggenerator.LogGenerator - LOGIN|500|Thor|208.41.213.123
DEBUG 2023-07-17 21:33:23 [main] a.b.t.loggenerator.LogGenerator - Creating Performance Trace
INFO 2023-07-17 21:33:23 [main] a.b.t.loggenerator.LogGenerator - PERFORMANCE|7.516|DOWNLOAD DOCUMENT|FAILURE|Rompetechos
DEBUG 2023-07-17 21:33:25 [main] a.b.t.loggenerator.LogGenerator - Creating Performance Trace
INFO 2023-07-17 21:33:25 [main] a.b.t.loggenerator.LogGenerator - PERFORMANCE|2.922|DELETE USER|SUCCESS|Bacterio
DEBUG 2023-07-17 21:33:27 [main] a.b.t.loggenerator.LogGenerator - Creating Login Trace
INFO 2023-07-17 21:33:27 [main] a.b.t.loggenerator.LogGenerator - LOGIN|204|Conan|209.11.7.3
DEBUG 2023-07-17 21:33:27 [main] a.b.t.loggenerator.LogGenerator - Creating Performance Trace
INFO 2023-07-17 21:33:27 [main] a.b.t.loggenerator.LogGenerator - PERFORMANCE|4.783|CREATE USER|SUCCESS|Batman
DEBUG 2023-07-17 21:33:29 [main] a.b.t.loggenerator.LogGenerator - Creating Performance Trace
INFO 2023-07-17 21:33:29 [main] a.b.t.loggenerator.LogGenerator - PERFORMANCE|1.562|LOGIN|SUCCESS|Mortadelo
DEBUG 2023-07-17 21:33:31 [main] a.b.t.loggenerator.LogGenerator - Creating Performance Trace
INFO 2023-07-17 21:33:31 [main] a.b.t.loggenerator.LogGenerator - PERFORMANCE|2.55|SEND EMAIL|FAILURE|Zape
DEBUG 2023-07-17 21:33:32 [main] a.b.t.loggenerator.LogGenerator - Creating Login Trace
INFO 2023-07-17 21:33:32 [main] a.b.t.loggenerator.LogGenerator - LOGIN|250|Bacterio|176.8.75.70
DEBUG 2023-07-17 21:33:33 [main] a.b.t.loggenerator.LogGenerator - Creating Performance Trace
INFO 2023-07-17 21:33:33 [main] a.b.t.loggenerator.LogGenerator - PERFORMANCE|7.587|EXPORT DATA|SUCCESS|SuperLopez
DEBUG 2023-07-17 21:33:35 [main] a.b.t.loggenerator.LogGenerator - Creating Performance Trace
INFO 2023-07-17 21:33:35 [main] a.b.t.loggenerator.LogGenerator - PERFORMANCE|6.57|DOWNLOAD DOCUMENT|SUCCESS|Pantuflo
DEBUG 2023-07-17 21:33:37 [main] a.b.t.loggenerator.LogGenerator - Creating Login Trace
INFO 2023-07-17 21:33:37 [main] a.b.t.loggenerator.LogGenerator - LOGIN|200|Superman|74.100.85.197
DEBUG 2023-07-17 21:33:37 [main] a.b.t.loggenerator.LogGenerator - Creating Performance Trace
INFO 2023-07-17 21:33:37 [main] a.b.t.loggenerator.LogGenerator - PERFORMANCE|0.827|CREATE USER|SUCCESS|Carpanta
DEBUG 2023-07-17 21:33:37 [main] a.b.t.loggenerator.LogGenerator - Creating Error Trace
ERROR 2023-07-17 21:33:37 [main] a.b.t.loggenerator.LogGenerator - Email error: can not connect to SMTP Server|
java.lang.Exception: Email error: can not connect to SMTP Server
	at am.ballesteros.training.loggenerator.LogGeneratorKt.generateExceptionTrace(LogGenerator.kt:66)
	at am.ballesteros.training.loggenerator.LogGeneratorKt.generateTraces(LogGenerator.kt:31)
	at am.ballesteros.training.loggenerator.LogGeneratorKt$main$1.invoke(LogGenerator.kt:17)
	at am.ballesteros.training.loggenerator.LogGeneratorKt$main$1.invoke(LogGenerator.kt)
	at com.xenomachina.argparser.SystemExitExceptionKt.mainBody(SystemExitException.kt:74)
	at com.xenomachina.argparser.SystemExitExceptionKt.mainBody$default(SystemExitException.kt:72)
	at am.ballesteros.training.loggenerator.LogGeneratorKt.main(LogGenerator.kt:14)
DEBUG 2023-07-17 21:33:39 [main] a.b.t.loggenerator.LogGenerator - Creating Performance Trace
INFO 2023-07-17 21:33:39 [main] a.b.t.loggenerator.LogGenerator - PERFORMANCE|2.758|SEND EMAIL|FAILURE|Mortadelo
DEBUG 2023-07-17 21:33:41 [main] a.b.t.loggenerator.LogGenerator - Creating Performance Trace
INFO 2023-07-17 21:33:41 [main] a.b.t.loggenerator.LogGenerator - PERFORMANCE|5.465|SEND EMAIL|FAILURE|IronMan
DEBUG 2023-07-17 21:33:42 [main] a.b.t.loggenerator.LogGenerator - Creating Login Trace
INFO 2023-07-17 21:33:42 [main] a.b.t.loggenerator.LogGenerator - LOGIN|100|Carpanta|144.20.236.139
DEBUG 2023-07-17 21:33:43 [main] a.b.t.loggenerator.LogGenerator - Creating Performance Trace
INFO 2023-07-17 21:33:43 [main] a.b.t.loggenerator.LogGenerator - PERFORMANCE|2.85|SEND EMAIL|FAILURE|Batman
DEBUG 2023-07-17 21:33:45 [main] a.b.t.loggenerator.LogGenerator - Creating Performance Trace
INFO 2023-07-17 21:33:45 [main] a.b.t.loggenerator.LogGenerator - PERFORMANCE|5.562|LOGIN|SUCCESS|Batman
DEBUG 2023-07-17 21:33:47 [main] a.b.t.loggenerator.LogGenerator - Creating Login Trace
INFO 2023-07-17 21:33:47 [main] a.b.t.loggenerator.LogGenerator - LOGIN|500|Flash|38.109.227.225
DEBUG 2023-07-17 21:33:47 [main] a.b.t.loggenerator.LogGenerator - Creating Performance Trace
INFO 2023-07-17 21:33:47 [main] a.b.t.loggenerator.LogGenerator - PERFORMANCE|5.26|DOWNLOAD DOCUMENT|SUCCESS|Sacarino
